Microsoft HTML Help Compiler 4.74.8702

Compiling c:\Apps\UKWeather 0.50\Help\UKWeather.chm

standard.css
installation-details.htm
installation-uninstalling.htm
running-contextmenu.htm
running-desktop.htm
topic-installation.htm
topic-running.htm
topic-ukweather.htm
running-options.htm
running-colourscheme.htm
running-updatenow.htm
running-weatherwebsite.htm
running-mossywellwebsite.htm
running-help.htm
running-about.htm
running-exit.htm
images\context-menu.jpg
images\desktop-icon.jpg
images\tray-icons.jpg

Compile time: 0 minutes, 0 seconds
18	Topics
35	Local links
0	Internet links
3	Graphics


Created c:\Apps\UKWeather 0.50\Help\UKWeather.chm, 31,978 bytes
Compression increased file by 1,845 bytes.
